2023-11-20 13:57:09 +0800   28952 execution.flow     INFO     Start to run 3 nodes with concurrency level 16.
2023-11-20 13:57:09 +0800   28952 execution.flow     INFO     Executing node query_cosmos. node run id: bc525fe0-8363-4ad1-af37-97aac9309f1a_query_cosmos_0
2023-11-20 13:57:09 +0800   28952 execution          ERROR    Node query_cosmos in line 0 failed. Exception: Execution failure in 'query_cosmos': (InterfaceError) ('IM002', '[IM002] [Microsoft][ODBC Driver Manager] Data source name not found and no default driver specified (0) (SQLDriverConnect)').
Traceback (most recent call last):
  File "C:\Users\chenlujiao\AppData\Local\anaconda3\envs\pfsdk\lib\site-packages\promptflow\_core\flow_execution_context.py", line 164, in invoke_tool
    return f(*args, **kwargs)
  File "C:\Users\chenlujiao\Documents\GitHub\promptflow-samples-ozguler\sample_gallery\database_querying\cosmosdb_postgresql\personal_finance_recommender\query_cosmos.py", line 25, in my_python_tool
    conn = pyodbc.connect(conn_str)
pyodbc.InterfaceError: ('IM002', '[IM002] [Microsoft][ODBC Driver Manager] Data source name not found and no default driver specified (0) (SQLDriverConnect)')

The above exception was the direct cause of the following exception:

Traceback (most recent call last):
  File "C:\Users\chenlujiao\AppData\Local\anaconda3\envs\pfsdk\lib\site-packages\promptflow\_core\flow_execution_context.py", line 126, in invoke_tool_with_cache
    result = self.invoke_tool(f, args, kwargs)
  File "C:\Users\chenlujiao\AppData\Local\anaconda3\envs\pfsdk\lib\site-packages\promptflow\_core\flow_execution_context.py", line 175, in invoke_tool
    raise ToolExecutionError(node_name=node_name, module=f.__module__) from e
promptflow._core._errors.ToolExecutionError: Execution failure in 'query_cosmos': (InterfaceError) ('IM002', '[IM002] [Microsoft][ODBC Driver Manager] Data source name not found and no default driver specified (0) (SQLDriverConnect)')
2023-11-20 13:57:09 +0800   28952 execution          ERROR    Execution of one node has failed. Cancelling all running nodes: query_cosmos.
